Thu 23 Jun 2016 16:23:30 BST
Darwin Rhea.local 15.5.0 Darwin Kernel Version 15.5.0: Tue Apr 19 18:36:36 PDT 2016; root:xnu-3248.50.21~8/RELEASE_X86_64 x86_64
Compile Swift Module 'vaporTestSuite' (1 sources)
Linking .build/debug/VaporCLITests.xctest/Contents/MacOS/VaporCLITests
Test Suite 'All tests' started at 2016-06-23 16:23:39.450
Test Suite 'VaporCLITests.xctest' started at 2016-06-23 16:23:39.451
Test Suite 'ArrayExtTests' started at 2016-06-23 16:23:39.451
Test Case '-[vaporTestSuite.ArrayExtTests testRemove]' started.
Test Case '-[vaporTestSuite.ArrayExtTests testRemove]' passed (0.002 seconds).
Test Suite 'ArrayExtTests' passed at 2016-06-23 16:23:39.453.
	 Executed 1 test, with 0 failures (0 unexpected) in 0.002 (0.002) seconds
Test Suite 'VaporCLITests.xctest' passed at 2016-06-23 16:23:39.453.
	 Executed 1 test, with 0 failures (0 unexpected) in 0.002 (0.002) seconds
Test Suite 'All tests' passed at 2016-06-23 16:23:39.453.
	 Executed 1 test, with 0 failures (0 unexpected) in 0.002 (0.003) seconds
Thu Jun 23 15:23:39 UTC 2016
Linux d8863d3d404a 4.4.13-moby #1 SMP Fri Jun 17 22:06:24 UTC 2016 x86_64 x86_64 x86_64 GNU/Linux
Compile Swift Module 'vaporTestSuite' (1 sources)
Linking .build/debug/VaporCLITests.xctest
/vapor/.build/debug/vapor.build/main.swift.o: In function `main':
/vapor/Sources/vapor/main.swift:(.text+0x0): multiple definition of `main'
/tmp/LinuxMain-56d9fd.o:/vapor/Tests/LinuxMain.swift:(.text+0x0): first defined here
clang: error: linker command failed with exit code 1 (use -v to see invocation)
<unknown>:0: error: link command failed with exit code 1 (use -v to see invocation)
<unknown>:0: error: build had 1 command failures
swift-test: error: exit(1): /usr/bin/swift-build-tool -f /vapor/.build/debug.yaml test
